<?xml version="1.0" encoding="UTF-8"?>
<!-- Generated by org.testng.reporters.JUnitXMLReporter -->
<testsuite ignored="0" hostname="Kishan" failures="0" tests="4" name="Test" time="208.391" errors="0" timestamp="02 Jul 2019 10:42:54 GMT">
  <testcase classname="packone.ClassOne" name="methodOneA" time="28.487"/>
  <testcase classname="packone.ClassTwo" name="methodTwoA" time="33.86"/>
  <testcase classname="packone.ClassThree" name="methodThreeA" time="43.424"/>
  <testcase classname="packone.ClassFour" name="methodFourA" time="102.579"/>
</testsuite> <!-- Test -->
